<?xml version="1.0" encoding="UTF-8"?>
<testsuite xmlns:xsi="http://www.w3.org/2001/XMLSchema-instance" xsi:noNamespaceSchemaLocation="https://maven.apache.org/surefire/maven-surefire-plugin/xsd/surefire-test-report-3.0.xsd" version="3.0" name="tests.FelineTest" time="0.0" tests="4" errors="0" skipped="0" failures="0">
  <properties>
[...]
</properties>
  <testcase name="checkFelineKittensNonDefaultValue" classname="tests.FelineTest" time="0.0"/>
  <testcase name="checkFelineKittensDefaultValue" classname="tests.FelineTest" time="0.0"/>
  <testcase name="checkFelineFamily" classname="tests.FelineTest" time="0.0"/>
  <testcase name="checkFelineFoodMeatVariant" classname="tests.FelineTest" time="0.0"/>
</testsuite>